2026-06-16T14:07:23.683+02:00  INFO 20184 --- [smartbank-management-system] [restartedMain] b.s.SmartBankManagementSystemApplication : Starting SmartBankManagementSystemApplication using Java 26.0.1 with PID 20184 (C:\Users\HP\Downloads\VaultEdge-Enterprise-Banking-System-main\VaultEdge-Enterprise-Banking-System-main\SmartBank\target\classes started by HP in C:\Users\HP\Downloads\VaultEdge-Enterprise-Banking-System-main)
2026-06-16T14:07:23.698+02:00 DEBUG 20184 --- [smartbank-management-system] [restartedMain] b.s.SmartBankManagementSystemApplication : Running with Spring Boot v3.5.7, Spring v6.2.12
2026-06-16T14:07:23.700+02:00  INFO 20184 --- [smartbank-management-system] [restartedMain] b.s.SmartBankManagementSystemApplication : No active profile set, falling back to 1 default profile: "default"
2026-06-16T14:07:23.906+02:00  INFO 20184 --- [smartbank-management-system] [restartedMain] .e.DevToolsPropertyDefaultsPostProcessor : Devtools property defaults active! Set 'spring.devtools.add-properties' to 'false' to disable
2026-06-16T14:07:23.906+02:00  INFO 20184 --- [smartbank-management-system] [restartedMain] .e.DevToolsPropertyDefaultsPostProcessor : For additional web related logging consider setting the 'logging.level.web' property to 'DEBUG'
2026-06-16T14:07:29.401+02:00  INFO 20184 --- [smartbank-management-system] [restartedMain] .s.d.r.c.RepositoryConfigurationDelegate : Bootstrapping Spring Data JPA repositories in DEFAULT mode.
2026-06-16T14:07:29.945+02:00  INFO 20184 --- [smartbank-management-system] [restartedMain] .s.d.r.c.RepositoryConfigurationDelegate : Finished Spring Data repository scanning in 475 ms. Found 4 JPA repository interfaces.
2026-06-16T14:07:32.103+02:00  INFO 20184 --- [smartbank-management-system] [restartedMain] o.s.b.w.embedded.tomcat.TomcatWebServer  : Tomcat initialized with port 8080 (http)
2026-06-16T14:07:32.121+02:00  INFO 20184 --- [smartbank-management-system] [restartedMain] o.apache.catalina.core.StandardService   : Starting service [Tomcat]
2026-06-16T14:07:32.122+02:00  INFO 20184 --- [smartbank-management-system] [restartedMain] o.apache.catalina.core.StandardEngine    : Starting Servlet engine: [Apache Tomcat/10.1.48]
2026-06-16T14:07:32.220+02:00  INFO 20184 --- [smartbank-management-system] [restartedMain] o.a.c.c.C.[Tomcat].[localhost].[/]       : Initializing Spring embedded WebApplicationContext
2026-06-16T14:07:32.221+02:00  INFO 20184 --- [smartbank-management-system] [restartedMain] w.s.c.ServletWebServerApplicationContext : Root WebApplicationContext: initialization completed in 8313 ms
2026-06-16T14:07:32.467+02:00  INFO 20184 --- [smartbank-management-system] [restartedMain] o.hibernate.jpa.internal.util.LogHelper  : HHH000204: Processing PersistenceUnitInfo [name: default]
2026-06-16T14:07:32.705+02:00  INFO 20184 --- [smartbank-management-system] [restartedMain] org.hibernate.Version                    : HHH000412: Hibernate ORM core version 6.6.33.Final
2026-06-16T14:07:32.812+02:00  INFO 20184 --- [smartbank-management-system] [restartedMain] o.h.c.internal.RegionFactoryInitiator    : HHH000026: Second-level cache disabled
2026-06-16T14:07:33.193+02:00  INFO 20184 --- [smartbank-management-system] [restartedMain] o.s.o.j.p.SpringPersistenceUnitInfo      : No LoadTimeWeaver setup: ignoring JPA class transformer
2026-06-16T14:07:33.231+02:00  INFO 20184 --- [smartbank-management-system] [restartedMain] com.zaxxer.hikari.HikariDataSource       : HikariPool-1 - Starting...
2026-06-16T14:07:33.503+02:00  INFO 20184 --- [smartbank-management-system] [restartedMain] com.zaxxer.hikari.pool.HikariPool        : HikariPool-1 - Added connection conn0: url=jdbc:h2:file:./data/smartbankdb user=SA
2026-06-16T14:07:33.505+02:00  INFO 20184 --- [smartbank-management-system] [restartedMain] com.zaxxer.hikari.HikariDataSource       : HikariPool-1 - Start completed.
2026-06-16T14:07:33.558+02:00  WARN 20184 --- [smartbank-management-system] [restartedMain] org.hibernate.orm.deprecation            : HHH90000025: H2Dialect does not need to be specified explicitly using 'hibernate.dialect' (remove the property setting and it will be selected by default)
2026-06-16T14:07:33.592+02:00  INFO 20184 --- [smartbank-management-system] [restartedMain] org.hibernate.orm.connections.pooling    : HHH10001005: Database info:
	Database JDBC URL [Connecting through datasource 'HikariDataSource (HikariPool-1)']
	Database driver: undefined/unknown
	Database version: 2.3.232
	Autocommit mode: undefined/unknown
	Isolation level: undefined/unknown
	Minimum pool size: undefined/unknown
	Maximum pool size: undefined/unknown
2026-06-16T14:07:34.868+02:00  INFO 20184 --- [smartbank-management-system] [restartedMain] o.h.e.t.j.p.i.JtaPlatformInitiator       : HHH000489: No JTA platform available (set 'hibernate.transaction.jta.platform' to enable JTA platform integration)
2026-06-16T14:07:34.959+02:00  INFO 20184 --- [smartbank-management-system] [restartedMain] j.LocalContainerEntityManagerFactoryBean : Initialized JPA EntityManagerFactory for persistence unit 'default'
2026-06-16T14:07:35.440+02:00 DEBUG 20184 --- [smartbank-management-system] [restartedMain] c.b.s.security.JwtAuthenticationFilter   : Filter 'jwtAuthenticationFilter' configured for use
2026-06-16T14:07:35.519+02:00  INFO 20184 --- [smartbank-management-system] [restartedMain] o.s.d.j.r.query.QueryEnhancerFactory     : Hibernate is in classpath; If applicable, HQL parser will be used.
2026-06-16T14:07:36.541+02:00  WARN 20184 --- [smartbank-management-system] [restartedMain] JpaBaseConfiguration$JpaWebConfiguration : spring.jpa.open-in-view is enabled by default. Therefore, database queries may be performed during view rendering. Explicitly configure spring.jpa.open-in-view to disable this warning
2026-06-16T14:07:36.872+02:00  INFO 20184 --- [smartbank-management-system] [restartedMain] r$InitializeUserDetailsManagerConfigurer : Global AuthenticationManager configured with UserDetailsService bean with name userDetailsServiceImpl
2026-06-16T14:07:36.988+02:00 DEBUG 20184 --- [smartbank-management-system] [restartedMain] o.s.s.web.DefaultSecurityFilterChain     : Will secure any request with filters: DisableEncodeUrlFilter, WebAsyncManagerIntegrationFilter, SecurityContextHolderFilter, HeaderWriterFilter, CorsFilter, LogoutFilter, JwtAuthenticationFilter, RequestCacheAwareFilter, SecurityContextHolderAwareRequestFilter, AnonymousAuthenticationFilter, SessionManagementFilter, ExceptionTranslationFilter, AuthorizationFilter
2026-06-16T14:07:37.207+02:00  WARN 20184 --- [smartbank-management-system] [restartedMain] ion$DefaultTemplateResolverConfiguration : Cannot find template location: classpath:/templates/ (please add some templates, check your Thymeleaf configuration, or set spring.thymeleaf.check-template-location=false)
2026-06-16T14:07:37.305+02:00  INFO 20184 --- [smartbank-management-system] [restartedMain] o.s.b.a.h2.H2ConsoleAutoConfiguration    : H2 console available at '/h2-console'. Database available at 'jdbc:h2:file:./data/smartbankdb'
2026-06-16T14:07:37.407+02:00  INFO 20184 --- [smartbank-management-system] [restartedMain] o.s.b.d.a.OptionalLiveReloadServer       : LiveReload server is running on port 35729
2026-06-16T14:07:37.465+02:00  INFO 20184 --- [smartbank-management-system] [restartedMain] o.s.b.w.embedded.tomcat.TomcatWebServer  : Tomcat started on port 8080 (http) with context path '/'
2026-06-16T14:07:37.473+02:00  INFO 20184 --- [smartbank-management-system] [restartedMain] b.s.SmartBankManagementSystemApplication : Started SmartBankManagementSystemApplication in 15.65 seconds (process running for 19.281)
2026-06-16T14:07:37.572+02:00 DEBUG 20184 --- [smartbank-management-system] [restartedMain] org.hibernate.SQL                        : 
    select
        u1_0.id 
    from
        users u1_0 
    where
        u1_0.email=? 
    fetch
        first ? rows only
2026-06-16T14:07:37.591+02:00  INFO 20184 --- [smartbank-management-system] [restartedMain] com.bank.smartbank.config.DataSeeder     : Admin user already exists
2026-06-16T14:07:42.677+02:00  INFO 20184 --- [smartbank-management-system] [http-nio-8080-exec-1] o.a.c.c.C.[Tomcat].[localhost].[/]       : Initializing Spring DispatcherServlet 'dispatcherServlet'
2026-06-16T14:07:42.678+02:00  INFO 20184 --- [smartbank-management-system] [http-nio-8080-exec-1] o.s.web.servlet.DispatcherServlet        : Initializing Servlet 'dispatcherServlet'
2026-06-16T14:07:42.681+02:00  INFO 20184 --- [smartbank-management-system] [http-nio-8080-exec-1] o.s.web.servlet.DispatcherServlet        : Completed initialization in 2 ms
2026-06-16T14:07:42.720+02:00 DEBUG 20184 --- [smartbank-management-system] [http-nio-8080-exec-1] o.s.security.web.FilterChainProxy        : Securing POST /api/auth/register
2026-06-16T14:07:42.736+02:00 DEBUG 20184 --- [smartbank-management-system] [http-nio-8080-exec-1] o.s.s.w.a.AnonymousAuthenticationFilter  : Set SecurityContextHolder to anonymous SecurityContext
2026-06-16T14:07:42.744+02:00 DEBUG 20184 --- [smartbank-management-system] [http-nio-8080-exec-1] o.s.security.web.FilterChainProxy        : Secured POST /api/auth/register
2026-06-16T14:07:43.211+02:00 DEBUG 20184 --- [smartbank-management-system] [http-nio-8080-exec-1] org.hibernate.SQL                        : 
    select
        u1_0.id 
    from
        users u1_0 
    where
        u1_0.email=? 
    fetch
        first ? rows only
2026-06-16T14:07:43.650+02:00 DEBUG 20184 --- [smartbank-management-system] [http-nio-8080-exec-1] org.hibernate.SQL                        : 
    insert 
    into
        users
        (created_at, email, full_name, is_verified, password, phone, role, id) 
    values
        (?, ?, ?, ?, ?, ?, ?, default)
2026-06-16T14:07:43.706+02:00  INFO 20184 --- [smartbank-management-system] [http-nio-8080-exec-1] com.bank.smartbank.service.AuthService   : User registered: ayanokoujikiotaka12@gmail.com
2026-06-16T14:07:43.707+02:00 DEBUG 20184 --- [smartbank-management-system] [http-nio-8080-exec-1] com.bank.smartbank.service.AuthService   : OTP sent: 106230
2026-06-16T14:10:21.680+02:00  INFO 20184 --- [smartbank-management-system] [SpringApplicationShutdownHook] o.s.b.w.e.tomcat.GracefulShutdown        : Commencing graceful shutdown. Waiting for active requests to complete
2026-06-16T14:10:21.691+02:00  INFO 20184 --- [smartbank-management-system] [tomcat-shutdown] o.s.b.w.e.tomcat.GracefulShutdown        : Graceful shutdown complete
2026-06-16T14:10:21.698+02:00  INFO 20184 --- [smartbank-management-system] [SpringApplicationShutdownHook] j.LocalContainerEntityManagerFactoryBean : Closing JPA EntityManagerFactory for persistence unit 'default'
2026-06-16T14:10:21.702+02:00  INFO 20184 --- [smartbank-management-system] [SpringApplicationShutdownHook] com.zaxxer.hikari.HikariDataSource       : HikariPool-1 - Shutdown initiated...
2026-06-16T14:10:21.703+02:00  INFO 20184 --- [smartbank-management-system] [SpringApplicationShutdownHook] com.zaxxer.hikari.HikariDataSource       : HikariPool-1 - Shutdown completed.
